[0202/121340:ERROR:process_reader_win.cc(142)] SuspendThread: Access is denied. (0x5)
[0202/121340:ERROR:process_reader_win.cc(114)] NtOpenThread: {Access Denied} A process has requested access to an object, but has not been granted those access rights.  (0xc0000022)
[0202/121340:ERROR:exception_snapshot_win.cc(87)] thread ID 6476 not found in process
[0202/121340:WARNING:crash_report_exception_handler.cc(61)] ProcessSnapshotWin::Initialize failed
[0202/122549:ERROR:process_reader_win.cc(142)] SuspendThread: Access is denied. (0x5)
[0202/122549:ERROR:process_reader_win.cc(114)] NtOpenThread: {Access Denied} A process has requested access to an object, but has not been granted those access rights.  (0xc0000022)
[0202/122549:ERROR:exception_snapshot_win.cc(87)] thread ID 3436 not found in process
[0202/122549:WARNING:crash_report_exception_handler.cc(61)] ProcessSnapshotWin::Initialize failed
[0202/122602:ERROR:process_reader_win.cc(142)] SuspendThread: Access is denied. (0x5)
[0202/122602:ERROR:process_reader_win.cc(114)] NtOpenThread: {Access Denied} A process has requested access to an object, but has not been granted those access rights.  (0xc0000022)
[0202/122602:ERROR:exception_snapshot_win.cc(87)] thread ID 824 not found in process
[0202/122602:WARNING:crash_report_exception_handler.cc(61)] ProcessSnapshotWin::Initialize failed
[0202/155002:ERROR:process_reader_win.cc(114)] NtOpenThread: {Access Denied} A process has requested access to an object, but has not been granted those access rights.  (0xc0000022)
[0202/155003:ERROR:exception_snapshot_win.cc(87)] thread ID 12260 not found in process
[0202/155003:WARNING:crash_report_exception_handler.cc(61)] ProcessSnapshotWin::Initialize failed
[0202/155002:ERROR:process_reader_win.cc(114)] NtOpenThread: {Access Denied} A process has requested access to an object, but has not been granted those access rights.  (0xc0000022)
[0202/155002:ERROR:process_reader_win.cc(114)] NtOpenThread: {Access Denied} A process has requested access to an object, but has not been granted those access rights.  (0xc0000022)
[0202/155002:ERROR:process_reader_win.cc(114)] NtOpenThread: {Access Denied} A process has requested access to an object, but has not been granted those access rights.  (0xc0000022)
[0202/155003:ERROR:exception_snapshot_win.cc(87)] thread ID 11396 not found in process
[0202/155003:ERROR:exception_snapshot_win.cc(87)] thread ID 11804 not found in process
[0202/155002:ERROR:process_reader_win.cc(114)] NtOpenThread: {Access Denied} A process has requested access to an object, but has not been granted those access rights.  (0xc0000022)
[0202/155003:ERROR:exception_snapshot_win.cc(87)] thread ID 12236 not found in process
[0202/155003:WARNING:crash_report_exception_handler.cc(61)] ProcessSnapshotWin::Initialize failed
[0202/155003:WARNING:crash_report_exception_handler.cc(61)] ProcessSnapshotWin::Initialize failed
[0202/155003:ERROR:exception_snapshot_win.cc(87)] thread ID 10120 not found in process
[0202/155003:WARNING:crash_report_exception_handler.cc(61)] ProcessSnapshotWin::Initialize failed
[0202/155003:WARNING:crash_report_exception_handler.cc(61)] ProcessSnapshotWin::Initialize failed
[0202/155003:ERROR:process_reader_win.cc(114)] NtOpenThread: {Access Denied} A process has requested access to an object, but has not been granted those access rights.  (0xc0000022)
[0202/155003:ERROR:exception_snapshot_win.cc(87)] thread ID 9476 not found in process
[0202/155003:WARNING:crash_report_exception_handler.cc(61)] ProcessSnapshotWin::Initialize failed
[0202/155004:ERROR:process_reader_win.cc(114)] NtOpenThread: {Access Denied} A process has requested access to an object, but has not been granted those access rights.  (0xc0000022)
[0202/155004:ERROR:exception_snapshot_win.cc(87)] thread ID 9908 not found in process
[0202/155004:WARNING:crash_report_exception_handler.cc(61)] ProcessSnapshotWin::Initialize failed
[0206/195408:ERROR:process_reader_win.cc(142)] SuspendThread: Access is denied. (0x5)
[0206/195408:ERROR:process_reader_win.cc(114)] NtOpenThread: {Access Denied} A process has requested access to an object, but has not been granted those access rights.  (0xc0000022)
[0206/195408:ERROR:exception_snapshot_win.cc(87)] thread ID 8616 not found in process
[0206/195408:WARNING:crash_report_exception_handler.cc(61)] ProcessSnapshotWin::Initialize failed
[0206/195617:ERROR:process_reader_win.cc(142)] SuspendThread: Access is denied. (0x5)
[0206/195617:ERROR:process_reader_win.cc(114)] NtOpenThread: {Access Denied} A process has requested access to an object, but has not been granted those access rights.  (0xc0000022)
[0206/195617:ERROR:exception_snapshot_win.cc(87)] thread ID 8932 not found in process
[0206/195617:WARNING:crash_report_exception_handler.cc(61)] ProcessSnapshotWin::Initialize failed
[0206/200550:ERROR:process_reader_win.cc(142)] SuspendThread: Access is denied. (0x5)
[0206/200550:ERROR:process_reader_win.cc(114)] NtOpenThread: {Access Denied} A process has requested access to an object, but has not been granted those access rights.  (0xc0000022)
[0206/200550:ERROR:exception_snapshot_win.cc(87)] thread ID 9008 not found in process
[0206/200550:WARNING:crash_report_exception_handler.cc(61)] ProcessSnapshotWin::Initialize failed
[0206/201337:ERROR:process_reader_win.cc(114)] NtOpenThread: {Access Denied} A process has requested access to an object, but has not been granted those access rights.  (0xc0000022)
[0206/201337:ERROR:exception_snapshot_win.cc(87)] thread ID 7356 not found in process
[0206/201337:WARNING:crash_report_exception_handler.cc(61)] ProcessSnapshotWin::Initialize failed
[0206/201839:ERROR:process_reader_win.cc(114)] NtOpenThread: {Access Denied} A process has requested access to an object, but has not been granted those access rights.  (0xc0000022)
[0206/201839:ERROR:exception_snapshot_win.cc(87)] thread ID 8408 not found in process
[0206/201839:WARNING:crash_report_exception_handler.cc(61)] ProcessSnapshotWin::Initialize failed
[0206/210644:ERROR:process_reader_win.cc(114)] NtOpenThread: {Access Denied} A process has requested access to an object, but has not been granted those access rights.  (0xc0000022)
[0206/210644:ERROR:exception_snapshot_win.cc(87)] thread ID 9584 not found in process
[0206/210644:WARNING:crash_report_exception_handler.cc(61)] ProcessSnapshotWin::Initialize failed
[0206/212135:ERROR:process_reader_win.cc(142)] SuspendThread: Access is denied. (0x5)
[0206/212135:ERROR:process_reader_win.cc(114)] NtOpenThread: {Access Denied} A process has requested access to an object, but has not been granted those access rights.  (0xc0000022)
[0206/212135:ERROR:exception_snapshot_win.cc(87)] thread ID 12168 not found in process
[0206/212135:WARNING:crash_report_exception_handler.cc(61)] ProcessSnapshotWin::Initialize failed
[0206/212702:ERROR:process_reader_win.cc(142)] SuspendThread: Access is denied. (0x5)
[0206/212702:ERROR:process_reader_win.cc(114)] NtOpenThread: {Access Denied} A process has requested access to an object, but has not been granted those access rights.  (0xc0000022)
[0206/212702:ERROR:exception_snapshot_win.cc(87)] thread ID 9692 not found in process
[0206/212702:WARNING:crash_report_exception_handler.cc(61)] ProcessSnapshotWin::Initialize failed
[0206/220818:ERROR:process_reader_win.cc(142)] SuspendThread: Access is denied. (0x5)
[0206/220818:ERROR:process_reader_win.cc(114)] NtOpenThread: {Access Denied} A process has requested access to an object, but has not been granted those access rights.  (0xc0000022)
[0206/220818:ERROR:exception_snapshot_win.cc(87)] thread ID 2940 not found in process
[0206/220818:WARNING:crash_report_exception_handler.cc(61)] ProcessSnapshotWin::Initialize failed
[0207/011854:ERROR:process_reader_win.cc(142)] SuspendThread: Access is denied. (0x5)
[0207/011855:ERROR:process_reader_win.cc(114)] NtOpenThread: {Access Denied} A process has requested access to an object, but has not been granted those access rights.  (0xc0000022)
[0207/011855:ERROR:exception_snapshot_win.cc(87)] thread ID 7832 not found in process
[0207/011855:WARNING:crash_report_exception_handler.cc(61)] ProcessSnapshotWin::Initialize failed
[0207/011950:ERROR:process_reader_win.cc(114)] NtOpenThread: {Access Denied} A process has requested access to an object, but has not been granted those access rights.  (0xc0000022)
[0207/011950:ERROR:exception_snapshot_win.cc(87)] thread ID 14472 not found in process
[0207/011950:WARNING:crash_report_exception_handler.cc(61)] ProcessSnapshotWin::Initialize failed
[0207/120634:ERROR:process_reader_win.cc(142)] SuspendThread: Access is denied. (0x5)
[0207/120634:ERROR:process_reader_win.cc(142)] SuspendThread: Access is denied. (0x5)
[0207/120634:ERROR:process_reader_win.cc(114)] NtOpenThread: {Access Denied} A process has requested access to an object, but has not been granted those access rights.  (0xc0000022)
[0207/120634:ERROR:exception_snapshot_win.cc(87)] thread ID 10656 not found in process
[0207/120634:WARNING:crash_report_exception_handler.cc(61)] ProcessSnapshotWin::Initialize failed
[0207/121757:ERROR:process_reader_win.cc(142)] SuspendThread: Access is denied. (0x5)
[0207/121757:ERROR:process_reader_win.cc(142)] SuspendThread: Access is denied. (0x5)
[0207/121757:ERROR:process_reader_win.cc(142)] SuspendThread: Access is denied. (0x5)
[0207/121757:ERROR:process_reader_win.cc(114)] NtOpenThread: {Access Denied} A process has requested access to an object, but has not been granted those access rights.  (0xc0000022)
[0207/121757:ERROR:exception_snapshot_win.cc(87)] thread ID 13380 not found in process
[0207/121757:WARNING:crash_report_exception_handler.cc(61)] ProcessSnapshotWin::Initialize failed
[0207/161220:ERROR:process_reader_win.cc(142)] SuspendThread: Access is denied. (0x5)
[0207/161220:ERROR:process_reader_win.cc(142)] SuspendThread: Access is denied. (0x5)
[0207/161220:ERROR:process_reader_win.cc(114)] NtOpenThread: {Access Denied} A process has requested access to an object, but has not been granted those access rights.  (0xc0000022)
[0207/161220:ERROR:exception_snapshot_win.cc(87)] thread ID 12196 not found in process
[0207/161220:WARNING:crash_report_exception_handler.cc(61)] ProcessSnapshotWin::Initialize failed
[0207/161402:ERROR:process_reader_win.cc(142)] SuspendThread: Access is denied. (0x5)
[0207/161402:ERROR:process_reader_win.cc(142)] SuspendThread: Access is denied. (0x5)
[0207/161402:ERROR:process_reader_win.cc(114)] NtOpenThread: {Access Denied} A process has requested access to an object, but has not been granted those access rights.  (0xc0000022)
[0207/161402:ERROR:exception_snapshot_win.cc(87)] thread ID 11972 not found in process
[0207/161402:WARNING:crash_report_exception_handler.cc(61)] ProcessSnapshotWin::Initialize failed
[0207/223406:ERROR:process_reader_win.cc(114)] NtOpenThread: {Access Denied} A process has requested access to an object, but has not been granted those access rights.  (0xc0000022)
[0207/223406:ERROR:exception_snapshot_win.cc(87)] thread ID 7924 not found in process
[0207/223406:WARNING:crash_report_exception_handler.cc(61)] ProcessSnapshotWin::Initialize failed
[0208/174245:ERROR:process_reader_win.cc(114)] NtOpenThread: {Access Denied} A process has requested access to an object, but has not been granted those access rights.  (0xc0000022)
[0208/174245:ERROR:process_reader_win.cc(114)] NtOpenThread: {Access Denied} A process has requested access to an object, but has not been granted those access rights.  (0xc0000022)
[0208/174245:ERROR:exception_snapshot_win.cc(87)] thread ID 14604 not found in process
[0208/174245:ERROR:exception_snapshot_win.cc(87)] thread ID 16760 not found in process
[0208/174245:WARNING:crash_report_exception_handler.cc(61)] ProcessSnapshotWin::Initialize failed
[0208/174245:WARNING:crash_report_exception_handler.cc(61)] ProcessSnapshotWin::Initialize failed
[0208/174251:ERROR:process_reader_win.cc(114)] NtOpenThread: {Access Denied} A process has requested access to an object, but has not been granted those access rights.  (0xc0000022)
[0208/174251:ERROR:exception_snapshot_win.cc(87)] thread ID 15036 not found in process
[0208/174251:WARNING:crash_report_exception_handler.cc(61)] ProcessSnapshotWin::Initialize failed
[0208/183340:ERROR:process_reader_win.cc(114)] NtOpenThread: {Access Denied} A process has requested access to an object, but has not been granted those access rights.  (0xc0000022)
[0208/183341:ERROR:exception_snapshot_win.cc(87)] thread ID 8364 not found in process
[0208/183341:WARNING:crash_report_exception_handler.cc(61)] ProcessSnapshotWin::Initialize failed
[0208/183646:ERROR:process_reader_win.cc(114)] NtOpenThread: {Access Denied} A process has requested access to an object, but has not been granted those access rights.  (0xc0000022)
[0208/183646:ERROR:exception_snapshot_win.cc(87)] thread ID 11284 not found in process
[0208/183646:WARNING:crash_report_exception_handler.cc(61)] ProcessSnapshotWin::Initialize failed
[0208/211227:ERROR:process_info.cc(608)] range at 0xfffde000, size 0x230 fully unreadable
[0208/211232:ERROR:process_info.cc(608)] range at 0xfffdd000, size 0xf84 fully unreadable
[0208/211232:ERROR:process_info.cc(608)] range at 0xfffda000, size 0xf84 fully unreadable
[0208/211232:ERROR:process_info.cc(608)] range at 0xfffd7000, size 0xf84 fully unreadable
[0208/211232:ERROR:process_info.cc(608)] range at 0xfffaf000, size 0xf84 fully unreadable
[0208/211232:ERROR:process_info.cc(608)] range at 0xfffac000, size 0xf84 fully unreadable
[0208/211232:ERROR:process_info.cc(608)] range at 0xfffa9000, size 0xf84 fully unreadable
[0208/211232:ERROR:process_info.cc(608)] range at 0xfffa6000, size 0xf84 fully unreadable
[0208/211232:ERROR:process_info.cc(608)] range at 0xfffa3000, size 0xf84 fully unreadable
[0208/211232:ERROR:process_info.cc(608)] range at 0xfffa0000, size 0xf84 fully unreadable
[0208/211232:ERROR:process_info.cc(608)] range at 0xfff9d000, size 0xf84 fully unreadable
[0208/211232:ERROR:process_info.cc(608)] range at 0xfff9a000, size 0xf84 fully unreadable
[0208/211232:ERROR:process_info.cc(608)] range at 0xfff97000, size 0xf84 fully unreadable
[0208/211232:ERROR:process_info.cc(608)] range at 0xfff94000, size 0xf84 fully unreadable
[0208/220457:ERROR:process_info.cc(608)] range at 0xfffde000, size 0x230 fully unreadable
[0208/220459:ERROR:process_info.cc(608)] range at 0xfffdd000, size 0xf84 fully unreadable
[0208/220459:ERROR:process_info.cc(608)] range at 0xfffda000, size 0xf84 fully unreadable
[0208/220459:ERROR:process_info.cc(608)] range at 0xfffd7000, size 0xf84 fully unreadable
[0208/220459:ERROR:process_info.cc(608)] range at 0xfffaf000, size 0xf84 fully unreadable
[0208/220459:ERROR:process_info.cc(608)] range at 0xfffac000, size 0xf84 fully unreadable
[0208/220459:ERROR:process_info.cc(608)] range at 0xfffa9000, size 0xf84 fully unreadable
[0208/220459:ERROR:process_info.cc(608)] range at 0xfffa6000, size 0xf84 fully unreadable
[0208/220459:ERROR:process_info.cc(608)] range at 0xfffa3000, size 0xf84 fully unreadable
[0208/220459:ERROR:process_info.cc(608)] range at 0xfffa0000, size 0xf84 fully unreadable
[0208/220459:ERROR:process_info.cc(608)] range at 0xfff9d000, size 0xf84 fully unreadable
[0208/220459:ERROR:process_info.cc(608)] range at 0xfff9a000, size 0xf84 fully unreadable
[0208/220459:ERROR:process_info.cc(608)] range at 0xfff97000, size 0xf84 fully unreadable
[0208/220459:ERROR:process_info.cc(608)] range at 0xfff94000, size 0xf84 fully unreadable
[0212/143419:ERROR:process_reader_win.cc(114)] NtOpenThread: {Access Denied} A process has requested access to an object, but has not been granted those access rights.  (0xc0000022)
[0212/143419:ERROR:exception_snapshot_win.cc(87)] thread ID 8392 not found in process
[0212/143419:WARNING:crash_report_exception_handler.cc(61)] ProcessSnapshotWin::Initialize failed
[0212/173535:ERROR:process_reader_win.cc(114)] NtOpenThread: {Access Denied} A process has requested access to an object, but has not been granted those access rights.  (0xc0000022)
[0212/173535:ERROR:exception_snapshot_win.cc(87)] thread ID 13652 not found in process
[0212/173535:WARNING:crash_report_exception_handler.cc(61)] ProcessSnapshotWin::Initialize failed
[0212/173537:ERROR:process_reader_win.cc(142)] SuspendThread: Access is denied. (0x5)
[0212/173537:ERROR:process_reader_win.cc(142)] SuspendThread: Access is denied. (0x5)
[0212/173537:ERROR:process_reader_win.cc(142)] SuspendThread: Access is denied. (0x5)
[0212/173537:ERROR:process_reader_win.cc(142)] SuspendThread: Access is denied. (0x5)
[0212/173537:ERROR:process_reader_win.cc(142)] SuspendThread: Access is denied. (0x5)
[0212/173537:ERROR:process_reader_win.cc(142)] SuspendThread: Access is denied. (0x5)
[0212/173537:ERROR:process_reader_win.cc(142)] SuspendThread: Access is denied. (0x5)
[0212/173537:ERROR:process_reader_win.cc(142)] SuspendThread: Access is denied. (0x5)
[0212/173537:ERROR:process_reader_win.cc(142)] SuspendThread: Access is denied. (0x5)
[0212/173537:ERROR:process_reader_win.cc(114)] NtOpenThread: {Access Denied} A process has requested access to an object, but has not been granted those access rights.  (0xc0000022)
[0212/173537:ERROR:exception_snapshot_win.cc(87)] thread ID 14716 not found in process
[0212/173537:WARNING:crash_report_exception_handler.cc(61)] ProcessSnapshotWin::Initialize failed
[0212/173545:ERROR:process_reader_win.cc(114)] NtOpenThread: {Access Denied} A process has requested access to an object, but has not been granted those access rights.  (0xc0000022)
[0212/173545:ERROR:exception_snapshot_win.cc(87)] thread ID 13256 not found in process
[0212/173545:WARNING:crash_report_exception_handler.cc(61)] ProcessSnapshotWin::Initialize failed
[0212/173553:ERROR:process_reader_win.cc(114)] NtOpenThread: {Access Denied} A process has requested access to an object, but has not been granted those access rights.  (0xc0000022)
[0212/173553:ERROR:exception_snapshot_win.cc(87)] thread ID 13140 not found in process
[0212/173553:WARNING:crash_report_exception_handler.cc(61)] ProcessSnapshotWin::Initialize failed
[0212/173602:ERROR:process_reader_win.cc(114)] NtOpenThread: {Access Denied} A process has requested access to an object, but has not been granted those access rights.  (0xc0000022)
[0212/173602:ERROR:exception_snapshot_win.cc(87)] thread ID 14908 not found in process
[0212/173602:WARNING:crash_report_exception_handler.cc(61)] ProcessSnapshotWin::Initialize failed
[0212/173609:ERROR:process_reader_win.cc(114)] NtOpenThread: {Access Denied} A process has requested access to an object, but has not been granted those access rights.  (0xc0000022)
[0212/173609:ERROR:exception_snapshot_win.cc(87)] thread ID 11900 not found in process
[0212/173609:WARNING:crash_report_exception_handler.cc(61)] ProcessSnapshotWin::Initialize failed
[0212/175341:ERROR:process_reader_win.cc(114)] NtOpenThread: {Access Denied} A process has requested access to an object, but has not been granted those access rights.  (0xc0000022)
[0212/175341:ERROR:exception_snapshot_win.cc(87)] thread ID 7924 not found in process
[0212/175341:WARNING:crash_report_exception_handler.cc(61)] ProcessSnapshotWin::Initialize failed
[0212/175347:ERROR:process_reader_win.cc(142)] SuspendThread: Access is denied. (0x5)
[0212/175347:ERROR:process_reader_win.cc(142)] SuspendThread: Access is denied. (0x5)
[0212/175347:ERROR:process_reader_win.cc(142)] SuspendThread: Access is denied. (0x5)
[0212/175347:ERROR:process_reader_win.cc(142)] SuspendThread: Access is denied. (0x5)
[0212/175347:ERROR:process_reader_win.cc(142)] SuspendThread: Access is denied. (0x5)
[0212/175347:ERROR:process_reader_win.cc(142)] SuspendThread: Access is denied. (0x5)
[0212/175347:ERROR:process_reader_win.cc(142)] SuspendThread: Access is denied. (0x5)
[0212/175347:ERROR:process_reader_win.cc(142)] SuspendThread: Access is denied. (0x5)
[0212/175347:ERROR:process_reader_win.cc(142)] SuspendThread: Access is denied. (0x5)
[0212/175347:ERROR:process_reader_win.cc(142)] SuspendThread: Access is denied. (0x5)
[0212/175347:ERROR:process_reader_win.cc(142)] SuspendThread: Access is denied. (0x5)
[0212/175347:ERROR:process_reader_win.cc(142)] SuspendThread: Access is denied. (0x5)
[0212/175347:ERROR:process_reader_win.cc(142)] SuspendThread: Access is denied. (0x5)
[0212/175347:ERROR:process_reader_win.cc(142)] SuspendThread: Access is denied. (0x5)
[0212/175347:ERROR:process_reader_win.cc(142)] SuspendThread: Access is denied. (0x5)
[0212/175347:ERROR:process_reader_win.cc(142)] SuspendThread: Access is denied. (0x5)
[0212/175347:ERROR:process_reader_win.cc(142)] SuspendThread: Access is denied. (0x5)
[0212/175347:ERROR:process_reader_win.cc(142)] SuspendThread: Access is denied. (0x5)
[0212/175347:ERROR:process_reader_win.cc(142)] SuspendThread: Access is denied. (0x5)
[0212/175347:ERROR:process_reader_win.cc(114)] NtOpenThread: {Access Denied} A process has requested access to an object, but has not been granted those access rights.  (0xc0000022)
[0212/175347:ERROR:exception_snapshot_win.cc(87)] thread ID 13120 not found in process
[0212/175347:WARNING:crash_report_exception_handler.cc(61)] ProcessSnapshotWin::Initialize failed
[0212/203844.685:ERROR:process_reader_win.cc(114)] NtOpenThread: {Access Denied} A process has requested access to an object, but has not been granted those access rights.  (0xc0000022)
[0212/203844.747:ERROR:exception_snapshot_win.cc(87)] thread ID 11688 not found in process
[0212/203844.748:WARNING:crash_report_exception_handler.cc(60)] ProcessSnapshotWin::Initialize failed
[0212/213838.695:ERROR:process_reader_win.cc(142)] SuspendThread: Access is denied. (0x5)
[0212/213838.745:ERROR:process_reader_win.cc(114)] NtOpenThread: {Access Denied} A process has requested access to an object, but has not been granted those access rights.  (0xc0000022)
[0212/213838.745:ERROR:exception_snapshot_win.cc(87)] thread ID 7876 not found in process
[0212/213838.745:WARNING:crash_report_exception_handler.cc(60)] ProcessSnapshotWin::Initialize failed
[0213/034659.421:ERROR:process_reader_win.cc(114)] NtOpenThread: {Access Denied} A process has requested access to an object, but has not been granted those access rights.  (0xc0000022)
[0213/034659.432:ERROR:exception_snapshot_win.cc(87)] thread ID 9608 not found in process
[0213/034659.432:WARNING:crash_report_exception_handler.cc(60)] ProcessSnapshotWin::Initialize failed
[0217/003658.987:ERROR:process_reader_win.cc(114)] NtOpenThread: {Access Denied} A process has requested access to an object, but has not been granted those access rights.  (0xc0000022)
[0217/003659.167:ERROR:exception_snapshot_win.cc(87)] thread ID 5796 not found in process
[0217/003659.167:WARNING:crash_report_exception_handler.cc(60)] ProcessSnapshotWin::Initialize failed
[0218/235544.087:ERROR:process_reader_win.cc(114)] NtOpenThread: {Access Denied} A process has requested access to an object, but has not been granted those access rights.  (0xc0000022)
[0218/235544.186:ERROR:exception_snapshot_win.cc(87)] thread ID 13240 not found in process
[0218/235544.186:WARNING:crash_report_exception_handler.cc(60)] ProcessSnapshotWin::Initialize failed
[0218/235545.014:ERROR:process_reader_win.cc(114)] NtOpenThread: {Access Denied} A process has requested access to an object, but has not been granted those access rights.  (0xc0000022)
[0218/235545.015:ERROR:exception_snapshot_win.cc(87)] thread ID 4236 not found in process
[0218/235545.015:WARNING:crash_report_exception_handler.cc(60)] ProcessSnapshotWin::Initialize failed
[0219/000554.538:ERROR:process_reader_win.cc(114)] NtOpenThread: {Access Denied} A process has requested access to an object, but has not been granted those access rights.  (0xc0000022)
[0219/000554.538:ERROR:exception_snapshot_win.cc(87)] thread ID 6832 not found in process
[0219/000554.538:WARNING:crash_report_exception_handler.cc(60)] ProcessSnapshotWin::Initialize failed
[0219/000557.777:ERROR:process_reader_win.cc(114)] NtOpenThread: {Access Denied} A process has requested access to an object, but has not been granted those access rights.  (0xc0000022)
[0219/000557.777:ERROR:exception_snapshot_win.cc(87)] thread ID 4280 not found in process
[0219/000557.777:WARNING:crash_report_exception_handler.cc(60)] ProcessSnapshotWin::Initialize failed
[0219/011318.251:ERROR:process_reader_win.cc(114)] NtOpenThread: {Access Denied} A process has requested access to an object, but has not been granted those access rights.  (0xc0000022)
[0219/011318.271:ERROR:exception_snapshot_win.cc(87)] thread ID 8176 not found in process
[0219/011318.271:WARNING:crash_report_exception_handler.cc(60)] ProcessSnapshotWin::Initialize failed
[0219/011319.514:ERROR:process_reader_win.cc(114)] NtOpenThread: {Access Denied} A process has requested access to an object, but has not been granted those access rights.  (0xc0000022)
[0219/011319.514:ERROR:exception_snapshot_win.cc(87)] thread ID 12136 not found in process
[0219/011319.514:WARNING:crash_report_exception_handler.cc(60)] ProcessSnapshotWin::Initialize failed
[0219/020808.311:ERROR:process_reader_win.cc(114)] NtOpenThread: {Access Denied} A process has requested access to an object, but has not been granted those access rights.  (0xc0000022)
[0219/020808.343:ERROR:exception_snapshot_win.cc(87)] thread ID 4536 not found in process
[0219/020808.344:WARNING:crash_report_exception_handler.cc(60)] ProcessSnapshotWin::Initialize failed
[0219/021334.941:ERROR:process_reader_win.cc(114)] NtOpenThread: {Access Denied} A process has requested access to an object, but has not been granted those access rights.  (0xc0000022)
[0219/021334.960:ERROR:exception_snapshot_win.cc(87)] thread ID 8200 not found in process
[0219/021334.960:WARNING:crash_report_exception_handler.cc(60)] ProcessSnapshotWin::Initialize failed
[0219/021338.428:ERROR:process_reader_win.cc(114)] NtOpenThread: {Access Denied} A process has requested access to an object, but has not been granted those access rights.  (0xc0000022)
[0219/021338.428:ERROR:exception_snapshot_win.cc(87)] thread ID 9352 not found in process
[0219/021338.428:WARNING:crash_report_exception_handler.cc(60)] ProcessSnapshotWin::Initialize failed
[0219/024834.821:ERROR:process_reader_win.cc(114)] NtOpenThread: {Access Denied} A process has requested access to an object, but has not been granted those access rights.  (0xc0000022)
[0219/024834.821:ERROR:exception_snapshot_win.cc(87)] thread ID 8220 not found in process
[0219/024834.822:WARNING:crash_report_exception_handler.cc(60)] ProcessSnapshotWin::Initialize failed
[0219/024839.325:ERROR:process_reader_win.cc(114)] NtOpenThread: {Access Denied} A process has requested access to an object, but has not been granted those access rights.  (0xc0000022)
[0219/024839.325:ERROR:exception_snapshot_win.cc(87)] thread ID 8640 not found in process
[0219/024839.325:WARNING:crash_report_exception_handler.cc(60)] ProcessSnapshotWin::Initialize failed
[0219/141405.248:ERROR:process_reader_win.cc(114)] NtOpenThread: {Access Denied} A process has requested access to an object, but has not been granted those access rights.  (0xc0000022)
[0219/141405.264:ERROR:exception_snapshot_win.cc(87)] thread ID 2460 not found in process
[0219/141405.264:WARNING:crash_report_exception_handler.cc(60)] ProcessSnapshotWin::Initialize failed
[0219/142339.178:ERROR:process_reader_win.cc(114)] NtOpenThread: {Access Denied} A process has requested access to an object, but has not been granted those access rights.  (0xc0000022)
[0219/142339.179:ERROR:exception_snapshot_win.cc(87)] thread ID 9764 not found in process
[0219/142339.179:WARNING:crash_report_exception_handler.cc(60)] ProcessSnapshotWin::Initialize failed
